<?xml version="1.0" encoding="UTF-8"?>
<!-- Generated by org.testng.reporters.JUnitXMLReporter -->
<testsuite ignored="0" hostname="DESKTOP-NJ1CKTO" failures="0" tests="5" name="Chrome Test" time="87.313" errors="0" timestamp="2022-05-26T15:54:57 CEST">
  <testcase classname="tests.LoginTests" name="loginUser2" time="7.123"/>
  <testcase classname="tests.LoginTests" name="loginUserFromJson" time="0.329"/>
  <testcase classname="tests.LoginTests" name="loginUserTest" time="1.424"/>
  <testcase classname="tests.LoginTests" name="loginUserTest" time="1.56"/>
  <testcase classname="tests.LoginTests" name="loginUserTest" time="1.408"/>
</testsuite> <!-- Chrome Test -->
