<?xml version="1.0" encoding="UTF-8"?>
<testng-results ignored="0" total="5" passed="5" failed="0" skipped="0">
  <reporter-output>
  </reporter-output>
  <suite started-at="2022-05-26T15:53:30 CEST" name="test" finished-at="2022-05-26T15:54:57 CEST" duration-ms="87313">
    <groups>
    </groups>
    <test started-at="2022-05-26T15:53:30 CEST" name="Chrome Test" finished-at="2022-05-26T15:54:57 CEST" duration-ms="87313">
      <class name="tests.LoginTests">
        <test-method is-config="true" signature="setUp()[pri:0, instance:tests.LoginTests@ca8ef3a]" started-at="2022-05-26T15:53:30 CEST" name="setUp" finished-at="2022-05-26T15:54:02 CEST" duration-ms="31546" status="PASS">
          <reporter-output>
          </reporter-output>
        </test-method> <!-- setUp -->
        <test-method is-config="true" signature="localSetUp()[pri:0, instance:tests.LoginTests@ca8ef3a]" started-at="2022-05-26T15:54:02 CEST" name="localSetUp" finished-at="2022-05-26T15:54:03 CEST" duration-ms="641" status="PASS">
          <reporter-output>
          </reporter-output>
        </test-method> <!-- localSetUp -->
        <test-method signature="loginUser2()[pri:0, instance:tests.LoginTests@ca8ef3a]" started-at="2022-05-26T15:54:03 CEST" name="loginUser2" description="User login using Page factory" finished-at="2022-05-26T15:54:10 CEST" duration-ms="7123" status="PASS">
          <reporter-output>
          </reporter-output>
        </test-method> <!-- loginUser2 -->
        <test-method is-config="true" signature="tearDown()[pri:0, instance:tests.LoginTests@ca8ef3a]" started-at="2022-05-26T15:54:10 CEST" name="tearDown" finished-at="2022-05-26T15:54:12 CEST" duration-ms="1559" status="PASS">
          <reporter-output>
          </reporter-output>
        </test-method> <!-- tearDown -->
        <test-method is-config="true" signature="setUp()[pri:0, instance:tests.LoginTests@ca8ef3a]" started-at="2022-05-26T15:54:12 CEST" name="setUp" finished-at="2022-05-26T15:54:20 CEST" duration-ms="8730" status="PASS">
          <reporter-output>
          </reporter-output>
        </test-method> <!-- setUp -->
        <test-method is-config="true" signature="localSetUp()[pri:0, instance:tests.LoginTests@ca8ef3a]" started-at="2022-05-26T15:54:20 CEST" name="localSetUp" finished-at="2022-05-26T15:54:20 CEST" duration-ms="17" status="PASS">
          <reporter-output>
          </reporter-output>
        </test-method> <!-- localSetUp -->
        <test-method signature="loginUserFromJson()[pri:0, instance:tests.LoginTests@ca8ef3a]" started-at="2022-05-26T15:54:20 CEST" name="loginUserFromJson" finished-at="2022-05-26T15:54:21 CEST" duration-ms="329" status="PASS">
          <reporter-output>
          </reporter-output>
        </test-method> <!-- loginUserFromJson -->
        <test-method is-config="true" signature="tearDown()[pri:0, instance:tests.LoginTests@ca8ef3a]" started-at="2022-05-26T15:54:21 CEST" name="tearDown" finished-at="2022-05-26T15:54:22 CEST" duration-ms="1070" status="PASS">
          <reporter-output>
          </reporter-output>
        </test-method> <!-- tearDown -->
        <test-method is-config="true" signature="setUp()[pri:0, instance:tests.LoginTests@ca8ef3a]" started-at="2022-05-26T15:54:22 CEST" name="setUp" finished-at="2022-05-26T15:54:31 CEST" duration-ms="8880" status="PASS">
          <reporter-output>
          </reporter-output>
        </test-method> <!-- setUp -->
        <test-method is-config="true" signature="localSetUp()[pri:0, instance:tests.LoginTests@ca8ef3a]" started-at="2022-05-26T15:54:31 CEST" name="localSetUp" finished-at="2022-05-26T15:54:31 CEST" duration-ms="10" status="PASS">
          <reporter-output>
          </reporter-output>
        </test-method> <!-- localSetUp -->
        <test-method signature="loginUserTest(java.lang.String,java.lang.String)[pri:0, instance:tests.LoginTests@ca8ef3a]" started-at="2022-05-26T15:54:31 CEST" name="loginUserTest" data-provider="dpTest" finished-at="2022-05-26T15:54:32 CEST" duration-ms="1424" status="PASS">
          <params>
            <param index="0">
              <value>
                <![CDATA[username 1]]>
              </value>
            </param>
            <param index="1">
              <value>
                <![CDATA[]]>
              </value>
            </param>
          </params>
          <reporter-output>
          </reporter-output>
        </test-method> <!-- loginUserTest -->
        <test-method is-config="true" signature="tearDown()[pri:0, instance:tests.LoginTests@ca8ef3a]" started-at="2022-05-26T15:54:32 CEST" name="tearDown" finished-at="2022-05-26T15:54:33 CEST" duration-ms="1043" status="PASS">
          <reporter-output>
          </reporter-output>
        </test-method> <!-- tearDown -->
        <test-method is-config="true" signature="setUp()[pri:0, instance:tests.LoginTests@ca8ef3a]" started-at="2022-05-26T15:54:33 CEST" name="setUp" finished-at="2022-05-26T15:54:42 CEST" duration-ms="8962" status="PASS">
          <reporter-output>
          </reporter-output>
        </test-method> <!-- setUp -->
        <test-method is-config="true" signature="localSetUp()[pri:0, instance:tests.LoginTests@ca8ef3a]" started-at="2022-05-26T15:54:42 CEST" name="localSetUp" finished-at="2022-05-26T15:54:42 CEST" duration-ms="22" status="PASS">
          <reporter-output>
          </reporter-output>
        </test-method> <!-- localSetUp -->
        <test-method signature="loginUserTest(java.lang.String,java.lang.String)[pri:0, instance:tests.LoginTests@ca8ef3a]" started-at="2022-05-26T15:54:42 CEST" name="loginUserTest" data-provider="dpTest" finished-at="2022-05-26T15:54:44 CEST" duration-ms="1560" status="PASS">
          <params>
            <param index="0">
              <value>
                <![CDATA[username 2]]>
              </value>
            </param>
            <param index="1">
              <value>
                <![CDATA[password 2]]>
              </value>
            </param>
          </params>
          <reporter-output>
          </reporter-output>
        </test-method> <!-- loginUserTest -->
        <test-method is-config="true" signature="tearDown()[pri:0, instance:tests.LoginTests@ca8ef3a]" started-at="2022-05-26T15:54:44 CEST" name="tearDown" finished-at="2022-05-26T15:54:45 CEST" duration-ms="1452" status="PASS">
          <reporter-output>
          </reporter-output>
        </test-method> <!-- tearDown -->
        <test-method is-config="true" signature="setUp()[pri:0, instance:tests.LoginTests@ca8ef3a]" started-at="2022-05-26T15:54:45 CEST" name="setUp" finished-at="2022-05-26T15:54:54 CEST" duration-ms="9033" status="PASS">
          <reporter-output>
          </reporter-output>
        </test-method> <!-- setUp -->
        <test-method is-config="true" signature="localSetUp()[pri:0, instance:tests.LoginTests@ca8ef3a]" started-at="2022-05-26T15:54:54 CEST" name="localSetUp" finished-at="2022-05-26T15:54:54 CEST" duration-ms="9" status="PASS">
          <reporter-output>
          </reporter-output>
        </test-method> <!-- localSetUp -->
        <test-method signature="loginUserTest(java.lang.String,java.lang.String)[pri:0, instance:tests.LoginTests@ca8ef3a]" started-at="2022-05-26T15:54:54 CEST" name="loginUserTest" data-provider="dpTest" finished-at="2022-05-26T15:54:56 CEST" duration-ms="1408" status="PASS">
          <params>
            <param index="0">
              <value>
                <![CDATA[username 3]]>
              </value>
            </param>
            <param index="1">
              <value>
                <![CDATA[password 3]]>
              </value>
            </param>
          </params>
          <reporter-output>
          </reporter-output>
        </test-method> <!-- loginUserTest -->
        <test-method is-config="true" signature="tearDown()[pri:0, instance:tests.LoginTests@ca8ef3a]" started-at="2022-05-26T15:54:56 CEST" name="tearDown" finished-at="2022-05-26T15:54:57 CEST" duration-ms="1526" status="PASS">
          <reporter-output>
          </reporter-output>
        </test-method> <!-- tearDown -->
      </class> <!-- tests.LoginTests -->
    </test> <!-- Chrome Test -->
  </suite> <!-- test -->
</testng-results>
