<?xml version="1.0" encoding="UTF-8"?>
<testsuite xmlns:xsi="http://www.w3.org/2001/XMLSchema-instance" xsi:noNamespaceSchemaLocation="https://maven.apache.org/surefire/maven-surefire-plugin/xsd/surefire-test-report-3.0.xsd" version="3.0" name="TestSuite" time="97.048" tests="5" errors="0" skipped="0" failures="0">
  <properties>
[...]
</properties>
  <testcase name="loginUser2" classname="tests.LoginTests" time="7.043">
    <system-out><![CDATA[15:53:59.152 [main] INFO  core.Environment - Opening browser :chrome And navigating to: https://the-internet.herokuapp.com/login
15:54:03.348 [main] INFO  listeners.TestListener - STARTING METHOD: loginUser2
15:54:10.496 [main] INFO  listeners.TestListener - TEST METHOD: loginUser2 PASSED 
]]></system-out>
    <system-err><![CDATA[SLF4J: Failed to load class "org.slf4j.impl.StaticLoggerBinder".
SLF4J: Defaulting to no-operation (NOP) logger implementation
SLF4J: See http://www.slf4j.org/codes.html#StaticLoggerBinder for further details.
Starting ChromeDriver 101.0.4951.41 (93c720db8323b3ec10d056025ab95c23a31997c9-refs/branch-heads/4951@{#904}) on port 52497
Only local connections are allowed.
Please see https://chromedriver.chromium.org/security-considerations for suggestions on keeping ChromeDriver safe.
ChromeDriver was started successfully.
May 26, 2022 3:53:54 PM org.openqa.selenium.remote.ProtocolHandshake createSession
INFO: Detected dialect: W3C
May 26, 2022 3:53:54 PM org.openqa.selenium.devtools.CdpVersionFinder findNearestMatch
WARNING: Unable to find an exact match for CDP version 101, so returning the closest version found: 97
May 26, 2022 3:53:54 PM org.openqa.selenium.devtools.CdpVersionFinder findNearestMatch
INFO: Found CDP implementation for version 101 of 97
]]></system-err>
  </testcase>
  <testcase name="loginUserFromJson" classname="tests.LoginTests" time="0.303">
    <system-out><![CDATA[15:54:18.546 [main] INFO  core.Environment - Opening browser :chrome And navigating to: https://the-internet.herokuapp.com/login
15:54:20.858 [main] INFO  listeners.TestListener - STARTING METHOD: loginUserFromJson
username 1
password1
15:54:21.187 [main] INFO  listeners.TestListener - TEST METHOD: loginUserFromJson PASSED 
]]></system-out>
    <system-err><![CDATA[Starting ChromeDriver 101.0.4951.41 (93c720db8323b3ec10d056025ab95c23a31997c9-refs/branch-heads/4951@{#904}) on port 65035
Only local connections are allowed.
Please see https://chromedriver.chromium.org/security-considerations for suggestions on keeping ChromeDriver safe.
ChromeDriver was started successfully.
May 26, 2022 3:54:14 PM org.openqa.selenium.remote.ProtocolHandshake createSession
INFO: Detected dialect: W3C
May 26, 2022 3:54:14 PM org.openqa.selenium.devtools.CdpVersionFinder findNearestMatch
WARNING: Unable to find an exact match for CDP version 101, so returning the closest version found: 97
May 26, 2022 3:54:14 PM org.openqa.selenium.devtools.CdpVersionFinder findNearestMatch
INFO: Found CDP implementation for version 101 of 97
]]></system-err>
  </testcase>
  <testcase name="loginUserTest[username 1, ](1)" classname="tests.LoginTests" time="1.393">
    <system-out><![CDATA[15:54:28.940 [main] INFO  core.Environment - Opening browser :chrome And navigating to: https://the-internet.herokuapp.com/login
15:54:31.247 [main] INFO  listeners.TestListener - STARTING METHOD: loginUserTest
15:54:32.672 [main] INFO  listeners.TestListener - TEST METHOD: loginUserTest PASSED 
]]></system-out>
    <system-err><![CDATA[Starting ChromeDriver 101.0.4951.41 (93c720db8323b3ec10d056025ab95c23a31997c9-refs/branch-heads/4951@{#904}) on port 63821
Only local connections are allowed.
Please see https://chromedriver.chromium.org/security-considerations for suggestions on keeping ChromeDriver safe.
ChromeDriver was started successfully.
May 26, 2022 3:54:24 PM org.openqa.selenium.remote.ProtocolHandshake createSession
INFO: Detected dialect: W3C
May 26, 2022 3:54:24 PM org.openqa.selenium.devtools.CdpVersionFinder findNearestMatch
WARNING: Unable to find an exact match for CDP version 101, so returning the closest version found: 97
May 26, 2022 3:54:24 PM org.openqa.selenium.devtools.CdpVersionFinder findNearestMatch
INFO: Found CDP implementation for version 101 of 97
]]></system-err>
  </testcase>
  <testcase name="loginUserTest[username 2, password 2](2)" classname="tests.LoginTests" time="1.546">
    <system-out><![CDATA[15:54:40.189 [main] INFO  core.Environment - Opening browser :chrome And navigating to: https://the-internet.herokuapp.com/login
15:54:42.742 [main] INFO  listeners.TestListener - STARTING METHOD: loginUserTest
15:54:44.303 [main] INFO  listeners.TestListener - TEST METHOD: loginUserTest PASSED 
]]></system-out>
    <system-err><![CDATA[Starting ChromeDriver 101.0.4951.41 (93c720db8323b3ec10d056025ab95c23a31997c9-refs/branch-heads/4951@{#904}) on port 54347
Only local connections are allowed.
Please see https://chromedriver.chromium.org/security-considerations for suggestions on keeping ChromeDriver safe.
ChromeDriver was started successfully.
May 26, 2022 3:54:35 PM org.openqa.selenium.remote.ProtocolHandshake createSession
INFO: Detected dialect: W3C
May 26, 2022 3:54:35 PM org.openqa.selenium.devtools.CdpVersionFinder findNearestMatch
WARNING: Unable to find an exact match for CDP version 101, so returning the closest version found: 97
May 26, 2022 3:54:35 PM org.openqa.selenium.devtools.CdpVersionFinder findNearestMatch
INFO: Found CDP implementation for version 101 of 97
]]></system-err>
  </testcase>
  <testcase name="loginUserTest[username 3, password 3](3)" classname="tests.LoginTests" time="1.386">
    <system-out><![CDATA[15:54:52.406 [main] INFO  core.Environment - Opening browser :chrome And navigating to: https://the-internet.herokuapp.com/login
15:54:54.810 [main] INFO  listeners.TestListener - STARTING METHOD: loginUserTest
15:54:56.218 [main] INFO  listeners.TestListener - TEST METHOD: loginUserTest PASSED 
]]></system-out>
    <system-err><![CDATA[Starting ChromeDriver 101.0.4951.41 (93c720db8323b3ec10d056025ab95c23a31997c9-refs/branch-heads/4951@{#904}) on port 50315
Only local connections are allowed.
Please see https://chromedriver.chromium.org/security-considerations for suggestions on keeping ChromeDriver safe.
ChromeDriver was started successfully.
May 26, 2022 3:54:48 PM org.openqa.selenium.remote.ProtocolHandshake createSession
INFO: Detected dialect: W3C
May 26, 2022 3:54:48 PM org.openqa.selenium.devtools.CdpVersionFinder findNearestMatch
WARNING: Unable to find an exact match for CDP version 101, so returning the closest version found: 97
May 26, 2022 3:54:48 PM org.openqa.selenium.devtools.CdpVersionFinder findNearestMatch
INFO: Found CDP implementation for version 101 of 97
]]></system-err>
  </testcase>
</testsuite>